mode: atomic
git.iu7.bmstu.ru/vai20u117/testing/src/internal/model/user.go:10.35,11.11 1 0
git.iu7.bmstu.ru/vai20u117/testing/src/internal/model/user.go:12.19,13.16 1 0
git.iu7.bmstu.ru/vai20u117/testing/src/internal/model/user.go:14.13,15.17 1 0
git.iu7.bmstu.ru/vai20u117/testing/src/internal/model/user.go:18.2,18.18 1 0
git.iu7.bmstu.ru/vai20u117/testing/src/cmd/main.go:26.13,57.12 13 0
git.iu7.bmstu.ru/vai20u117/testing/src/cmd/main.go:57.12,58.49 1 0
git.iu7.bmstu.ru/vai20u117/testing/src/cmd/main.go:58.49,60.4 1 0
git.iu7.bmstu.ru/vai20u117/testing/src/cmd/main.go:63.2,69.35 5 0
git.iu7.bmstu.ru/vai20u117/testing/src/cmd/main.go:72.81,76.2 3 0
git.iu7.bmstu.ru/vai20u117/testing/src/cmd/main.go:78.77,82.2 3 0
git.iu7.bmstu.ru/vai20u117/testing/src/cmd/main.go:84.89,88.2 3 0
git.iu7.bmstu.ru/vai20u117/testing/src/cmd/main.go:90.93,94.2 3 0
git.iu7.bmstu.ru/vai20u117/testing/src/cmd/main.go:96.96,100.2 3 0
git.iu7.bmstu.ru/vai20u117/testing/src/cmd/main.go:102.24,103.37 1 0
git.iu7.bmstu.ru/vai20u117/testing/src/cmd/main.go:103.37,105.3 1 0
git.iu7.bmstu.ru/vai20u117/testing/src/cmd/main.go:106.2,106.40 1 0
git.iu7.bmstu.ru/vai20u117/testing/src/cmd/main.go:106.40,108.3 1 0
git.iu7.bmstu.ru/vai20u117/testing/src/cmd/main.go:111.59,120.16 2 0
git.iu7.bmstu.ru/vai20u117/testing/src/cmd/main.go:120.16,122.3 1 0
git.iu7.bmstu.ru/vai20u117/testing/src/cmd/main.go:124.2,124.17 1 0
git.iu7.bmstu.ru/vai20u117/testing/src/cmd/main.go:127.25,131.2 3 0
git.iu7.bmstu.ru/vai20u117/testing/src/internal/db/postgres/client.go:19.67,23.16 2 0
git.iu7.bmstu.ru/vai20u117/testing/src/internal/db/postgres/client.go:23.16,25.3 1 0
git.iu7.bmstu.ru/vai20u117/testing/src/internal/db/postgres/client.go:26.2,26.31 1 0
git.iu7.bmstu.ru/vai20u117/testing/src/internal/db/postgres/database.go:29.51,31.2 1 0
git.iu7.bmstu.ru/vai20u117/testing/src/internal/db/postgres/database.go:33.61,35.2 1 0
git.iu7.bmstu.ru/vai20u117/testing/src/internal/db/postgres/database.go:37.104,39.2 1 0
git.iu7.bmstu.ru/vai20u117/testing/src/internal/db/postgres/database.go:41.107,43.2 1 0
git.iu7.bmstu.ru/vai20u117/testing/src/internal/db/postgres/database.go:45.66,47.2 1 0
git.iu7.bmstu.ru/vai20u117/testing/src/internal/db/postgres/database.go:49.108,51.2 1 0
git.iu7.bmstu.ru/vai20u117/testing/src/internal/db/postgres/database.go:53.97,55.2 1 0
git.iu7.bmstu.ru/vai20u117/testing/src/internal/db/postgres/database.go:57.98,59.2 1 0
git.iu7.bmstu.ru/vai20u117/testing/src/internal/db/postgres/database.go:61.65,63.2 1 0
git.iu7.bmstu.ru/vai20u117/testing/src/internal/db/postgres/database.go:67.3,69.2 1 0
git.iu7.bmstu.ru/vai20u117/testing/src/internal/db/postgres/database.go:71.111,73.2 1 0
git.iu7.bmstu.ru/vai20u117/testing/src/internal/controller/auth.go:28.55,30.2 1 0
git.iu7.bmstu.ru/vai20u117/testing/src/internal/controller/auth.go:43.107,45.9 2 0
git.iu7.bmstu.ru/vai20u117/testing/src/internal/controller/auth.go:46.59,48.34 2 0
git.iu7.bmstu.ru/vai20u117/testing/src/internal/controller/auth.go:49.46,51.26 2 0
git.iu7.bmstu.ru/vai20u117/testing/src/internal/controller/auth.go:52.18,54.26 2 0
git.iu7.bmstu.ru/vai20u117/testing/src/internal/controller/auth.go:57.2,58.16 2 0
git.iu7.bmstu.ru/vai20u117/testing/src/internal/controller/auth.go:58.16,61.3 2 0
git.iu7.bmstu.ru/vai20u117/testing/src/internal/controller/auth.go:63.2,63.23 1 0
git.iu7.bmstu.ru/vai20u117/testing/src/internal/controller/auth.go:75.85,77.9 2 0
git.iu7.bmstu.ru/vai20u117/testing/src/internal/controller/auth.go:78.59,80.34 2 0
git.iu7.bmstu.ru/vai20u117/testing/src/internal/controller/auth.go:81.56,83.34 2 0
git.iu7.bmstu.ru/vai20u117/testing/src/internal/controller/auth.go:84.52,86.26 2 0
git.iu7.bmstu.ru/vai20u117/testing/src/internal/controller/auth.go:87.18,89.26 2 0
git.iu7.bmstu.ru/vai20u117/testing/src/internal/controller/auth.go:92.2,93.16 2 0
git.iu7.bmstu.ru/vai20u117/testing/src/internal/controller/auth.go:93.16,96.3 2 0
git.iu7.bmstu.ru/vai20u117/testing/src/internal/controller/auth.go:98.2,98.20 1 0
git.iu7.bmstu.ru/vai20u117/testing/src/internal/controller/auth.go:111.85,113.9 2 0
git.iu7.bmstu.ru/vai20u117/testing/src/internal/controller/auth.go:114.52,116.26 2 0
git.iu7.bmstu.ru/vai20u117/testing/src/internal/controller/auth.go:117.46,119.26 2 0
git.iu7.bmstu.ru/vai20u117/testing/src/internal/controller/auth.go:120.49,122.34 2 0
git.iu7.bmstu.ru/vai20u117/testing/src/internal/controller/auth.go:123.59,125.34 2 0
git.iu7.bmstu.ru/vai20u117/testing/src/internal/controller/auth.go:126.18,128.26 2 0
git.iu7.bmstu.ru/vai20u117/testing/src/internal/controller/auth.go:131.2,132.16 2 0
git.iu7.bmstu.ru/vai20u117/testing/src/internal/controller/auth.go:132.16,135.3 2 0
git.iu7.bmstu.ru/vai20u117/testing/src/internal/controller/auth.go:137.2,137.23 1 0
git.iu7.bmstu.ru/vai20u117/testing/src/internal/controller/auth.go:150.72,151.82 1 0
git.iu7.bmstu.ru/vai20u117/testing/src/internal/controller/auth.go:151.82,154.3 2 0
git.iu7.bmstu.ru/vai20u117/testing/src/internal/controller/auth.go:154.8,154.23 1 0
git.iu7.bmstu.ru/vai20u117/testing/src/internal/controller/auth.go:154.23,157.3 2 0
git.iu7.bmstu.ru/vai20u117/testing/src/internal/controller/auth.go:159.2,159.12 1 0
git.iu7.bmstu.ru/vai20u117/testing/src/internal/controller/auth.go:162.89,164.18 2 0
git.iu7.bmstu.ru/vai20u117/testing/src/internal/controller/auth.go:165.23,169.17 4 0
git.iu7.bmstu.ru/vai20u117/testing/src/internal/controller/auth.go:169.17,171.9 2 0
git.iu7.bmstu.ru/vai20u117/testing/src/internal/controller/auth.go:172.9,172.49 1 0
git.iu7.bmstu.ru/vai20u117/testing/src/internal/controller/auth.go:172.49,174.9 2 0
git.iu7.bmstu.ru/vai20u117/testing/src/internal/controller/auth.go:177.3,177.31 1 0
git.iu7.bmstu.ru/vai20u117/testing/src/internal/controller/auth.go:178.10,180.38 2 0
git.iu7.bmstu.ru/vai20u117/testing/src/internal/controller/auth.go:184.83,186.18 2 0
git.iu7.bmstu.ru/vai20u117/testing/src/internal/controller/auth.go:187.23,189.17 2 0
git.iu7.bmstu.ru/vai20u117/testing/src/internal/controller/auth.go:189.17,191.9 2 0
git.iu7.bmstu.ru/vai20u117/testing/src/internal/controller/auth.go:194.3,195.17 2 0
git.iu7.bmstu.ru/vai20u117/testing/src/internal/controller/auth.go:195.17,197.9 2 0
git.iu7.bmstu.ru/vai20u117/testing/src/internal/controller/auth.go:198.9,198.46 1 0
git.iu7.bmstu.ru/vai20u117/testing/src/internal/controller/auth.go:198.46,200.9 2 0
git.iu7.bmstu.ru/vai20u117/testing/src/internal/controller/auth.go:203.3,203.31 1 0
git.iu7.bmstu.ru/vai20u117/testing/src/internal/controller/auth.go:204.10,206.38 2 0
git.iu7.bmstu.ru/vai20u117/testing/src/internal/controller/auth.go:210.83,212.18 2 0
git.iu7.bmstu.ru/vai20u117/testing/src/internal/controller/auth.go:213.23,215.17 2 0
git.iu7.bmstu.ru/vai20u117/testing/src/internal/controller/auth.go:215.17,217.9 2 0
git.iu7.bmstu.ru/vai20u117/testing/src/internal/controller/auth.go:220.3,221.17 2 0
git.iu7.bmstu.ru/vai20u117/testing/src/internal/controller/auth.go:221.17,223.9 2 0
git.iu7.bmstu.ru/vai20u117/testing/src/internal/controller/auth.go:224.9,224.49 1 0
git.iu7.bmstu.ru/vai20u117/testing/src/internal/controller/auth.go:224.49,226.9 2 0
git.iu7.bmstu.ru/vai20u117/testing/src/internal/controller/auth.go:229.3,229.31 1 0
git.iu7.bmstu.ru/vai20u117/testing/src/internal/controller/auth.go:230.10,232.38 2 0
git.iu7.bmstu.ru/vai20u117/testing/src/internal/controller/auth.go:236.84,238.18 2 0
git.iu7.bmstu.ru/vai20u117/testing/src/internal/controller/auth.go:239.23,241.52 2 0
git.iu7.bmstu.ru/vai20u117/testing/src/internal/controller/auth.go:241.52,243.9 2 0
git.iu7.bmstu.ru/vai20u117/testing/src/internal/controller/auth.go:246.3,246.31 1 0
git.iu7.bmstu.ru/vai20u117/testing/src/internal/controller/auth.go:247.10,249.38 2 0
git.iu7.bmstu.ru/vai20u117/testing/src/internal/controller/auth.go:253.54,256.16 3 0
git.iu7.bmstu.ru/vai20u117/testing/src/internal/controller/auth.go:256.16,259.3 2 0
git.iu7.bmstu.ru/vai20u117/testing/src/internal/controller/auth.go:261.2,261.51 1 0
git.iu7.bmstu.ru/vai20u117/testing/src/internal/controller/auth.go:261.51,264.3 2 0
git.iu7.bmstu.ru/vai20u117/testing/src/internal/controller/auth.go:266.2,266.19 1 0
git.iu7.bmstu.ru/vai20u117/testing/src/internal/controller/controller.go:30.15,38.2 1 0
git.iu7.bmstu.ru/vai20u117/testing/src/internal/controller/controller.go:40.49,71.2 14 0
git.iu7.bmstu.ru/vai20u117/testing/src/internal/controller/controller.go:73.66,75.41 2 0
git.iu7.bmstu.ru/vai20u117/testing/src/internal/controller/controller.go:75.41,78.3 2 0
git.iu7.bmstu.ru/vai20u117/testing/src/internal/controller/controller.go:78.8,78.23 1 0
git.iu7.bmstu.ru/vai20u117/testing/src/internal/controller/controller.go:78.23,81.3 2 0
git.iu7.bmstu.ru/vai20u117/testing/src/internal/controller/controller.go:83.2,83.20 1 0
git.iu7.bmstu.ru/vai20u117/testing/src/internal/controller/controller.go:86.70,88.16 2 0
git.iu7.bmstu.ru/vai20u117/testing/src/internal/controller/controller.go:88.16,90.3 1 0
git.iu7.bmstu.ru/vai20u117/testing/src/internal/controller/controller.go:92.2,92.27 1 0
git.iu7.bmstu.ru/vai20u117/testing/src/internal/controller/controller.go:92.27,96.3 2 0
git.iu7.bmstu.ru/vai20u117/testing/src/internal/controller/controller.go:98.2,98.12 1 0
git.iu7.bmstu.ru/vai20u117/testing/src/internal/controller/controller.go:102.51,103.9 1 0
git.iu7.bmstu.ru/vai20u117/testing/src/internal/controller/controller.go:104.43,105.39 1 0
git.iu7.bmstu.ru/vai20u117/testing/src/internal/controller/controller.go:106.35,107.37 1 0
git.iu7.bmstu.ru/vai20u117/testing/src/internal/controller/controller.go:108.35,109.48 1 0
git.iu7.bmstu.ru/vai20u117/testing/src/internal/controller/controller.go:110.39,111.39 1 0
git.iu7.bmstu.ru/vai20u117/testing/src/internal/controller/controller.go:112.46,113.41 1 0
git.iu7.bmstu.ru/vai20u117/testing/src/internal/controller/controller.go:114.10,116.94 2 0
git.iu7.bmstu.ru/vai20u117/testing/src/internal/controller/controller.go:119.2,120.23 2 0
git.iu7.bmstu.ru/vai20u117/testing/src/internal/controller/controller.go:120.23,122.3 1 0
git.iu7.bmstu.ru/vai20u117/testing/src/internal/controller/controller.go:124.2,124.44 1 0
git.iu7.bmstu.ru/vai20u117/testing/src/internal/controller/controller.go:124.44,126.3 1 0
git.iu7.bmstu.ru/vai20u117/testing/src/internal/controller/controller.go:129.61,132.16 3 0
git.iu7.bmstu.ru/vai20u117/testing/src/internal/controller/controller.go:132.16,135.3 2 0
git.iu7.bmstu.ru/vai20u117/testing/src/internal/controller/controller.go:137.2,137.21 1 0
git.iu7.bmstu.ru/vai20u117/testing/src/internal/controller/list.go:27.55,29.2 1 0
git.iu7.bmstu.ru/vai20u117/testing/src/internal/controller/list.go:43.76,45.44 2 0
git.iu7.bmstu.ru/vai20u117/testing/src/internal/controller/list.go:45.44,48.3 2 0
git.iu7.bmstu.ru/vai20u117/testing/src/internal/controller/list.go:48.8,48.23 1 0
git.iu7.bmstu.ru/vai20u117/testing/src/internal/controller/list.go:48.23,51.3 2 0
git.iu7.bmstu.ru/vai20u117/testing/src/internal/controller/list.go:53.2,54.16 2 0
git.iu7.bmstu.ru/vai20u117/testing/src/internal/controller/list.go:54.16,57.3 2 0
git.iu7.bmstu.ru/vai20u117/testing/src/internal/controller/list.go:59.2,59.22 1 0
git.iu7.bmstu.ru/vai20u117/testing/src/internal/controller/list.go:73.85,75.16 2 0
git.iu7.bmstu.ru/vai20u117/testing/src/internal/controller/list.go:75.16,78.3 2 0
git.iu7.bmstu.ru/vai20u117/testing/src/internal/controller/list.go:80.2,81.16 2 0
git.iu7.bmstu.ru/vai20u117/testing/src/internal/controller/list.go:81.16,84.3 2 0
git.iu7.bmstu.ru/vai20u117/testing/src/internal/controller/list.go:86.2,86.20 1 0
git.iu7.bmstu.ru/vai20u117/testing/src/internal/controller/list.go:100.75,102.44 2 0
git.iu7.bmstu.ru/vai20u117/testing/src/internal/controller/list.go:102.44,105.3 2 0
git.iu7.bmstu.ru/vai20u117/testing/src/internal/controller/list.go:105.8,105.23 1 0
git.iu7.bmstu.ru/vai20u117/testing/src/internal/controller/list.go:105.23,108.3 2 0
git.iu7.bmstu.ru/vai20u117/testing/src/internal/controller/list.go:110.2,110.12 1 0
git.iu7.bmstu.ru/vai20u117/testing/src/internal/controller/list.go:125.69,126.82 1 0
git.iu7.bmstu.ru/vai20u117/testing/src/internal/controller/list.go:126.82,129.3 2 0
git.iu7.bmstu.ru/vai20u117/testing/src/internal/controller/list.go:129.8,129.23 1 0
git.iu7.bmstu.ru/vai20u117/testing/src/internal/controller/list.go:129.23,132.3 2 0
git.iu7.bmstu.ru/vai20u117/testing/src/internal/controller/list.go:134.2,134.12 1 0
git.iu7.bmstu.ru/vai20u117/testing/src/internal/controller/list.go:138.81,141.18 3 0
git.iu7.bmstu.ru/vai20u117/testing/src/internal/controller/list.go:142.22,144.17 2 0
git.iu7.bmstu.ru/vai20u117/testing/src/internal/controller/list.go:144.17,146.4 1 0
git.iu7.bmstu.ru/vai20u117/testing/src/internal/controller/list.go:147.3,147.17 1 0
git.iu7.bmstu.ru/vai20u117/testing/src/internal/controller/list.go:147.17,149.9 2 0
git.iu7.bmstu.ru/vai20u117/testing/src/internal/controller/list.go:152.3,153.17 2 0
git.iu7.bmstu.ru/vai20u117/testing/src/internal/controller/list.go:153.17,155.9 2 0
git.iu7.bmstu.ru/vai20u117/testing/src/internal/controller/list.go:156.9,156.48 1 0
git.iu7.bmstu.ru/vai20u117/testing/src/internal/controller/list.go:156.48,158.9 2 0
git.iu7.bmstu.ru/vai20u117/testing/src/internal/controller/list.go:161.3,161.31 1 0
git.iu7.bmstu.ru/vai20u117/testing/src/internal/controller/list.go:162.23,164.17 2 0
git.iu7.bmstu.ru/vai20u117/testing/src/internal/controller/list.go:164.17,166.9 2 0
git.iu7.bmstu.ru/vai20u117/testing/src/internal/controller/list.go:169.3,170.17 2 0
git.iu7.bmstu.ru/vai20u117/testing/src/internal/controller/list.go:170.17,172.9 2 0
git.iu7.bmstu.ru/vai20u117/testing/src/internal/controller/list.go:173.9,173.46 1 0
git.iu7.bmstu.ru/vai20u117/testing/src/internal/controller/list.go:173.46,175.9 2 0
git.iu7.bmstu.ru/vai20u117/testing/src/internal/controller/list.go:178.3,178.31 1 0
git.iu7.bmstu.ru/vai20u117/testing/src/internal/controller/list.go:179.22,181.17 2 0
git.iu7.bmstu.ru/vai20u117/testing/src/internal/controller/list.go:181.17,183.9 2 0
git.iu7.bmstu.ru/vai20u117/testing/src/internal/controller/list.go:186.3,186.50 1 0
git.iu7.bmstu.ru/vai20u117/testing/src/internal/controller/list.go:186.50,188.9 2 0
git.iu7.bmstu.ru/vai20u117/testing/src/internal/controller/list.go:191.3,191.31 1 0
git.iu7.bmstu.ru/vai20u117/testing/src/internal/controller/list.go:192.25,194.17 2 0
git.iu7.bmstu.ru/vai20u117/testing/src/internal/controller/list.go:194.17,196.4 1 0
git.iu7.bmstu.ru/vai20u117/testing/src/internal/controller/list.go:197.3,197.17 1 0
git.iu7.bmstu.ru/vai20u117/testing/src/internal/controller/list.go:197.17,199.9 2 0
git.iu7.bmstu.ru/vai20u117/testing/src/internal/controller/list.go:202.3,202.52 1 0
git.iu7.bmstu.ru/vai20u117/testing/src/internal/controller/list.go:202.52,204.9 2 0
git.iu7.bmstu.ru/vai20u117/testing/src/internal/controller/list.go:207.3,207.31 1 0
git.iu7.bmstu.ru/vai20u117/testing/src/internal/controller/list.go:208.10,210.38 2 0
git.iu7.bmstu.ru/vai20u117/testing/src/internal/controller/list.go:214.89,216.16 2 0
git.iu7.bmstu.ru/vai20u117/testing/src/internal/controller/list.go:216.16,218.3 1 0
git.iu7.bmstu.ru/vai20u117/testing/src/internal/controller/list.go:220.2,221.44 2 0
git.iu7.bmstu.ru/vai20u117/testing/src/internal/controller/list.go:221.44,224.3 2 0
git.iu7.bmstu.ru/vai20u117/testing/src/internal/controller/list.go:224.8,224.23 1 0
git.iu7.bmstu.ru/vai20u117/testing/src/internal/controller/list.go:224.23,227.3 2 0
git.iu7.bmstu.ru/vai20u117/testing/src/internal/controller/list.go:229.2,229.27 1 0
git.iu7.bmstu.ru/vai20u117/testing/src/internal/controller/list.go:229.27,233.3 2 0
git.iu7.bmstu.ru/vai20u117/testing/src/internal/controller/list.go:235.2,235.12 1 0
git.iu7.bmstu.ru/vai20u117/testing/src/internal/controller/list.go:238.84,241.16 3 0
git.iu7.bmstu.ru/vai20u117/testing/src/internal/controller/list.go:241.16,244.3 2 0
git.iu7.bmstu.ru/vai20u117/testing/src/internal/controller/list.go:246.2,246.51 1 0
git.iu7.bmstu.ru/vai20u117/testing/src/internal/controller/list.go:246.51,249.3 2 0
git.iu7.bmstu.ru/vai20u117/testing/src/internal/controller/list.go:251.2,251.61 1 0
git.iu7.bmstu.ru/vai20u117/testing/src/internal/controller/list.go:251.61,253.3 1 0
git.iu7.bmstu.ru/vai20u117/testing/src/internal/controller/list.go:255.2,255.19 1 0
git.iu7.bmstu.ru/vai20u117/testing/src/internal/controller/list.go:258.43,259.9 1 0
git.iu7.bmstu.ru/vai20u117/testing/src/internal/controller/list.go:260.24,261.71 1 0
git.iu7.bmstu.ru/vai20u117/testing/src/internal/controller/list.go:262.23,263.68 1 0
git.iu7.bmstu.ru/vai20u117/testing/src/internal/controller/list.go:266.2,266.12 1 0
git.iu7.bmstu.ru/vai20u117/testing/src/internal/controller/list_poster.go:27.73,29.2 1 0
git.iu7.bmstu.ru/vai20u117/testing/src/internal/controller/list_poster.go:43.89,45.44 2 0
git.iu7.bmstu.ru/vai20u117/testing/src/internal/controller/list_poster.go:45.44,48.3 2 0
git.iu7.bmstu.ru/vai20u117/testing/src/internal/controller/list_poster.go:48.8,48.23 1 0
git.iu7.bmstu.ru/vai20u117/testing/src/internal/controller/list_poster.go:48.23,51.3 2 0
git.iu7.bmstu.ru/vai20u117/testing/src/internal/controller/list_poster.go:53.2,54.16 2 0
git.iu7.bmstu.ru/vai20u117/testing/src/internal/controller/list_poster.go:54.16,57.3 2 0
git.iu7.bmstu.ru/vai20u117/testing/src/internal/controller/list_poster.go:59.2,59.29 1 0
git.iu7.bmstu.ru/vai20u117/testing/src/internal/controller/list_poster.go:75.88,76.67 1 0
git.iu7.bmstu.ru/vai20u117/testing/src/internal/controller/list_poster.go:76.67,79.3 2 0
git.iu7.bmstu.ru/vai20u117/testing/src/internal/controller/list_poster.go:81.2,81.12 1 0
git.iu7.bmstu.ru/vai20u117/testing/src/internal/controller/list_poster.go:98.103,99.82 1 0
git.iu7.bmstu.ru/vai20u117/testing/src/internal/controller/list_poster.go:99.82,102.3 2 0
git.iu7.bmstu.ru/vai20u117/testing/src/internal/controller/list_poster.go:104.2,104.12 1 0
git.iu7.bmstu.ru/vai20u117/testing/src/internal/controller/list_poster.go:121.112,122.91 1 0
git.iu7.bmstu.ru/vai20u117/testing/src/internal/controller/list_poster.go:122.91,125.3 2 0
git.iu7.bmstu.ru/vai20u117/testing/src/internal/controller/list_poster.go:127.2,127.12 1 0
git.iu7.bmstu.ru/vai20u117/testing/src/internal/controller/list_poster.go:143.91,144.98 1 0
git.iu7.bmstu.ru/vai20u117/testing/src/internal/controller/list_poster.go:144.98,147.3 2 0
git.iu7.bmstu.ru/vai20u117/testing/src/internal/controller/list_poster.go:147.8,147.23 1 0
git.iu7.bmstu.ru/vai20u117/testing/src/internal/controller/list_poster.go:147.23,150.3 2 0
git.iu7.bmstu.ru/vai20u117/testing/src/internal/controller/list_poster.go:152.2,152.12 1 0
git.iu7.bmstu.ru/vai20u117/testing/src/internal/controller/list_poster.go:155.96,158.18 3 0
git.iu7.bmstu.ru/vai20u117/testing/src/internal/controller/list_poster.go:159.22,161.17 2 0
git.iu7.bmstu.ru/vai20u117/testing/src/internal/controller/list_poster.go:161.17,163.4 1 0
git.iu7.bmstu.ru/vai20u117/testing/src/internal/controller/list_poster.go:164.3,164.17 1 0
git.iu7.bmstu.ru/vai20u117/testing/src/internal/controller/list_poster.go:164.17,166.9 2 0
git.iu7.bmstu.ru/vai20u117/testing/src/internal/controller/list_poster.go:169.3,170.17 2 0
git.iu7.bmstu.ru/vai20u117/testing/src/internal/controller/list_poster.go:170.17,172.9 2 0
git.iu7.bmstu.ru/vai20u117/testing/src/internal/controller/list_poster.go:173.9,173.55 1 0
git.iu7.bmstu.ru/vai20u117/testing/src/internal/controller/list_poster.go:173.55,175.9 2 0
git.iu7.bmstu.ru/vai20u117/testing/src/internal/controller/list_poster.go:178.3,178.31 1 0
git.iu7.bmstu.ru/vai20u117/testing/src/internal/controller/list_poster.go:179.25,181.17 2 0
git.iu7.bmstu.ru/vai20u117/testing/src/internal/controller/list_poster.go:181.17,183.4 1 0
git.iu7.bmstu.ru/vai20u117/testing/src/internal/controller/list_poster.go:184.3,184.17 1 0
git.iu7.bmstu.ru/vai20u117/testing/src/internal/controller/list_poster.go:184.17,186.9 2 0
git.iu7.bmstu.ru/vai20u117/testing/src/internal/controller/list_poster.go:189.3,190.17 2 0
git.iu7.bmstu.ru/vai20u117/testing/src/internal/controller/list_poster.go:190.17,192.4 1 0
git.iu7.bmstu.ru/vai20u117/testing/src/internal/controller/list_poster.go:193.3,193.17 1 0
git.iu7.bmstu.ru/vai20u117/testing/src/internal/controller/list_poster.go:193.17,195.9 2 0
git.iu7.bmstu.ru/vai20u117/testing/src/internal/controller/list_poster.go:198.3,198.74 1 0
git.iu7.bmstu.ru/vai20u117/testing/src/internal/controller/list_poster.go:198.74,200.9 2 0
git.iu7.bmstu.ru/vai20u117/testing/src/internal/controller/list_poster.go:203.3,203.31 1 0
git.iu7.bmstu.ru/vai20u117/testing/src/internal/controller/list_poster.go:204.10,206.38 2 0
git.iu7.bmstu.ru/vai20u117/testing/src/internal/controller/list_poster.go:210.90,213.18 3 0
git.iu7.bmstu.ru/vai20u117/testing/src/internal/controller/list_poster.go:214.23,216.17 2 0
git.iu7.bmstu.ru/vai20u117/testing/src/internal/controller/list_poster.go:216.17,218.4 1 0
git.iu7.bmstu.ru/vai20u117/testing/src/internal/controller/list_poster.go:219.3,219.17 1 0
git.iu7.bmstu.ru/vai20u117/testing/src/internal/controller/list_poster.go:219.17,221.9 2 0
git.iu7.bmstu.ru/vai20u117/testing/src/internal/controller/list_poster.go:224.3,225.17 2 0
git.iu7.bmstu.ru/vai20u117/testing/src/internal/controller/list_poster.go:225.17,227.4 1 0
git.iu7.bmstu.ru/vai20u117/testing/src/internal/controller/list_poster.go:228.3,228.17 1 0
git.iu7.bmstu.ru/vai20u117/testing/src/internal/controller/list_poster.go:228.17,230.9 2 0
git.iu7.bmstu.ru/vai20u117/testing/src/internal/controller/list_poster.go:233.3,233.71 1 0
git.iu7.bmstu.ru/vai20u117/testing/src/internal/controller/list_poster.go:233.71,235.9 2 0
git.iu7.bmstu.ru/vai20u117/testing/src/internal/controller/list_poster.go:238.3,238.31 1 0
git.iu7.bmstu.ru/vai20u117/testing/src/internal/controller/list_poster.go:239.10,241.38 2 0
git.iu7.bmstu.ru/vai20u117/testing/src/internal/controller/list_poster.go:245.91,248.18 3 0
git.iu7.bmstu.ru/vai20u117/testing/src/internal/controller/list_poster.go:249.23,251.17 2 0
git.iu7.bmstu.ru/vai20u117/testing/src/internal/controller/list_poster.go:251.17,253.4 1 0
git.iu7.bmstu.ru/vai20u117/testing/src/internal/controller/list_poster.go:254.3,254.17 1 0
git.iu7.bmstu.ru/vai20u117/testing/src/internal/controller/list_poster.go:254.17,256.9 2 0
git.iu7.bmstu.ru/vai20u117/testing/src/internal/controller/list_poster.go:259.3,260.17 2 0
git.iu7.bmstu.ru/vai20u117/testing/src/internal/controller/list_poster.go:260.17,262.4 1 0
git.iu7.bmstu.ru/vai20u117/testing/src/internal/controller/list_poster.go:263.3,263.17 1 0
git.iu7.bmstu.ru/vai20u117/testing/src/internal/controller/list_poster.go:263.17,265.9 2 0
git.iu7.bmstu.ru/vai20u117/testing/src/internal/controller/list_poster.go:268.3,269.17 2 0
git.iu7.bmstu.ru/vai20u117/testing/src/internal/controller/list_poster.go:269.17,271.4 1 0
git.iu7.bmstu.ru/vai20u117/testing/src/internal/controller/list_poster.go:272.3,272.17 1 0
git.iu7.bmstu.ru/vai20u117/testing/src/internal/controller/list_poster.go:272.17,274.9 2 0
git.iu7.bmstu.ru/vai20u117/testing/src/internal/controller/list_poster.go:277.3,277.86 1 0
git.iu7.bmstu.ru/vai20u117/testing/src/internal/controller/list_poster.go:277.86,279.9 2 0
git.iu7.bmstu.ru/vai20u117/testing/src/internal/controller/list_poster.go:282.3,282.31 1 0
git.iu7.bmstu.ru/vai20u117/testing/src/internal/controller/list_poster.go:283.10,285.38 2 0
git.iu7.bmstu.ru/vai20u117/testing/src/internal/controller/list_poster.go:289.101,292.18 3 0
git.iu7.bmstu.ru/vai20u117/testing/src/internal/controller/list_poster.go:293.23,295.17 2 0
git.iu7.bmstu.ru/vai20u117/testing/src/internal/controller/list_poster.go:295.17,297.4 1 0
git.iu7.bmstu.ru/vai20u117/testing/src/internal/controller/list_poster.go:298.3,298.17 1 0
git.iu7.bmstu.ru/vai20u117/testing/src/internal/controller/list_poster.go:298.17,300.9 2 0
git.iu7.bmstu.ru/vai20u117/testing/src/internal/controller/list_poster.go:303.3,304.17 2 0
git.iu7.bmstu.ru/vai20u117/testing/src/internal/controller/list_poster.go:304.17,306.4 1 0
git.iu7.bmstu.ru/vai20u117/testing/src/internal/controller/list_poster.go:307.3,307.17 1 0
git.iu7.bmstu.ru/vai20u117/testing/src/internal/controller/list_poster.go:307.17,309.9 2 0
git.iu7.bmstu.ru/vai20u117/testing/src/internal/controller/list_poster.go:312.3,313.17 2 0
git.iu7.bmstu.ru/vai20u117/testing/src/internal/controller/list_poster.go:313.17,315.9 2 0
git.iu7.bmstu.ru/vai20u117/testing/src/internal/controller/list_poster.go:318.3,318.92 1 0
git.iu7.bmstu.ru/vai20u117/testing/src/internal/controller/list_poster.go:318.92,320.9 2 0
git.iu7.bmstu.ru/vai20u117/testing/src/internal/controller/list_poster.go:323.3,323.31 1 0
git.iu7.bmstu.ru/vai20u117/testing/src/internal/controller/list_poster.go:324.10,326.38 2 0
git.iu7.bmstu.ru/vai20u117/testing/src/internal/controller/poster.go:27.61,29.2 1 0
git.iu7.bmstu.ru/vai20u117/testing/src/internal/controller/poster.go:43.80,45.44 2 0
git.iu7.bmstu.ru/vai20u117/testing/src/internal/controller/poster.go:45.44,48.3 2 0
git.iu7.bmstu.ru/vai20u117/testing/src/internal/controller/poster.go:48.8,48.23 1 0
git.iu7.bmstu.ru/vai20u117/testing/src/internal/controller/poster.go:48.23,51.3 2 0
git.iu7.bmstu.ru/vai20u117/testing/src/internal/controller/poster.go:53.2,54.16 2 0
git.iu7.bmstu.ru/vai20u117/testing/src/internal/controller/poster.go:54.16,57.3 2 0
git.iu7.bmstu.ru/vai20u117/testing/src/internal/controller/poster.go:59.2,59.24 1 0
git.iu7.bmstu.ru/vai20u117/testing/src/internal/controller/poster.go:73.91,75.16 2 0
git.iu7.bmstu.ru/vai20u117/testing/src/internal/controller/poster.go:75.16,78.3 2 0
git.iu7.bmstu.ru/vai20u117/testing/src/internal/controller/poster.go:80.2,81.16 2 0
git.iu7.bmstu.ru/vai20u117/testing/src/internal/controller/poster.go:81.16,84.3 2 0
git.iu7.bmstu.ru/vai20u117/testing/src/internal/controller/poster.go:86.2,86.20 1 0
git.iu7.bmstu.ru/vai20u117/testing/src/internal/controller/poster.go:100.81,102.44 2 0
git.iu7.bmstu.ru/vai20u117/testing/src/internal/controller/poster.go:102.44,105.3 2 0
git.iu7.bmstu.ru/vai20u117/testing/src/internal/controller/poster.go:105.8,105.23 1 0
git.iu7.bmstu.ru/vai20u117/testing/src/internal/controller/poster.go:105.23,108.3 2 0
git.iu7.bmstu.ru/vai20u117/testing/src/internal/controller/poster.go:110.2,110.12 1 0
git.iu7.bmstu.ru/vai20u117/testing/src/internal/controller/poster.go:125.73,126.84 1 0
git.iu7.bmstu.ru/vai20u117/testing/src/internal/controller/poster.go:126.84,129.3 2 0
git.iu7.bmstu.ru/vai20u117/testing/src/internal/controller/poster.go:129.8,129.23 1 0
git.iu7.bmstu.ru/vai20u117/testing/src/internal/controller/poster.go:129.23,132.3 2 0
git.iu7.bmstu.ru/vai20u117/testing/src/internal/controller/poster.go:134.2,134.12 1 0
git.iu7.bmstu.ru/vai20u117/testing/src/internal/controller/poster.go:138.83,141.18 3 0
git.iu7.bmstu.ru/vai20u117/testing/src/internal/controller/poster.go:142.22,144.17 2 0
git.iu7.bmstu.ru/vai20u117/testing/src/internal/controller/poster.go:144.17,146.4 1 0
git.iu7.bmstu.ru/vai20u117/testing/src/internal/controller/poster.go:147.3,147.17 1 0
git.iu7.bmstu.ru/vai20u117/testing/src/internal/controller/poster.go:147.17,149.9 2 0
git.iu7.bmstu.ru/vai20u117/testing/src/internal/controller/poster.go:152.3,153.17 2 0
git.iu7.bmstu.ru/vai20u117/testing/src/internal/controller/poster.go:153.17,155.9 2 0
git.iu7.bmstu.ru/vai20u117/testing/src/internal/controller/poster.go:156.9,156.50 1 0
git.iu7.bmstu.ru/vai20u117/testing/src/internal/controller/poster.go:156.50,158.9 2 0
git.iu7.bmstu.ru/vai20u117/testing/src/internal/controller/poster.go:161.3,161.31 1 0
git.iu7.bmstu.ru/vai20u117/testing/src/internal/controller/poster.go:162.23,164.17 2 0
git.iu7.bmstu.ru/vai20u117/testing/src/internal/controller/poster.go:164.17,166.9 2 0
git.iu7.bmstu.ru/vai20u117/testing/src/internal/controller/poster.go:169.3,170.17 2 0
git.iu7.bmstu.ru/vai20u117/testing/src/internal/controller/poster.go:170.17,172.9 2 0
git.iu7.bmstu.ru/vai20u117/testing/src/internal/controller/poster.go:173.9,173.46 1 0
git.iu7.bmstu.ru/vai20u117/testing/src/internal/controller/poster.go:173.46,175.9 2 0
git.iu7.bmstu.ru/vai20u117/testing/src/internal/controller/poster.go:178.3,178.31 1 0
git.iu7.bmstu.ru/vai20u117/testing/src/internal/controller/poster.go:179.22,181.17 2 0
git.iu7.bmstu.ru/vai20u117/testing/src/internal/controller/poster.go:181.17,183.9 2 0
git.iu7.bmstu.ru/vai20u117/testing/src/internal/controller/poster.go:186.3,186.54 1 0
git.iu7.bmstu.ru/vai20u117/testing/src/internal/controller/poster.go:186.54,188.9 2 0
git.iu7.bmstu.ru/vai20u117/testing/src/internal/controller/poster.go:191.3,191.31 1 0
git.iu7.bmstu.ru/vai20u117/testing/src/internal/controller/poster.go:192.25,194.17 2 0
git.iu7.bmstu.ru/vai20u117/testing/src/internal/controller/poster.go:194.17,196.4 1 0
git.iu7.bmstu.ru/vai20u117/testing/src/internal/controller/poster.go:197.3,197.17 1 0
git.iu7.bmstu.ru/vai20u117/testing/src/internal/controller/poster.go:197.17,199.9 2 0
git.iu7.bmstu.ru/vai20u117/testing/src/internal/controller/poster.go:202.3,202.56 1 0
git.iu7.bmstu.ru/vai20u117/testing/src/internal/controller/poster.go:202.56,204.9 2 0
git.iu7.bmstu.ru/vai20u117/testing/src/internal/controller/poster.go:207.3,207.31 1 0
git.iu7.bmstu.ru/vai20u117/testing/src/internal/controller/poster.go:208.10,210.38 2 0
git.iu7.bmstu.ru/vai20u117/testing/src/internal/controller/poster.go:214.93,216.44 2 0
git.iu7.bmstu.ru/vai20u117/testing/src/internal/controller/poster.go:216.44,219.3 2 0
git.iu7.bmstu.ru/vai20u117/testing/src/internal/controller/poster.go:219.8,219.23 1 0
git.iu7.bmstu.ru/vai20u117/testing/src/internal/controller/poster.go:219.23,222.3 2 0
git.iu7.bmstu.ru/vai20u117/testing/src/internal/controller/poster.go:224.2,225.44 2 0
git.iu7.bmstu.ru/vai20u117/testing/src/internal/controller/poster.go:225.44,228.3 2 0
git.iu7.bmstu.ru/vai20u117/testing/src/internal/controller/poster.go:228.8,228.23 1 0
git.iu7.bmstu.ru/vai20u117/testing/src/internal/controller/poster.go:228.23,231.3 2 0
git.iu7.bmstu.ru/vai20u117/testing/src/internal/controller/poster.go:233.2,233.29 1 0
git.iu7.bmstu.ru/vai20u117/testing/src/internal/controller/poster.go:233.29,237.3 2 0
git.iu7.bmstu.ru/vai20u117/testing/src/internal/controller/poster.go:239.2,239.12 1 0
git.iu7.bmstu.ru/vai20u117/testing/src/internal/controller/poster.go:242.88,245.16 3 0
git.iu7.bmstu.ru/vai20u117/testing/src/internal/controller/poster.go:245.16,248.3 2 0
git.iu7.bmstu.ru/vai20u117/testing/src/internal/controller/poster.go:250.2,250.53 1 0
git.iu7.bmstu.ru/vai20u117/testing/src/internal/controller/poster.go:250.53,253.3 2 0
git.iu7.bmstu.ru/vai20u117/testing/src/internal/controller/poster.go:255.2,255.63 1 0
git.iu7.bmstu.ru/vai20u117/testing/src/internal/controller/poster.go:255.63,257.3 1 0
git.iu7.bmstu.ru/vai20u117/testing/src/internal/controller/poster.go:259.2,259.47 1 0
git.iu7.bmstu.ru/vai20u117/testing/src/internal/controller/poster.go:259.47,261.3 1 0
git.iu7.bmstu.ru/vai20u117/testing/src/internal/controller/poster.go:263.2,263.21 1 0
git.iu7.bmstu.ru/vai20u117/testing/src/internal/controller/poster.go:266.49,267.9 1 0
git.iu7.bmstu.ru/vai20u117/testing/src/internal/controller/poster.go:268.26,269.73 1 0
git.iu7.bmstu.ru/vai20u117/testing/src/internal/controller/poster.go:270.25,271.70 1 0
git.iu7.bmstu.ru/vai20u117/testing/src/internal/controller/poster.go:274.2,274.12 1 0
git.iu7.bmstu.ru/vai20u117/testing/src/internal/controller/poster_record.go:25.79,27.2 1 0
git.iu7.bmstu.ru/vai20u117/testing/src/internal/controller/poster_record.go:41.95,43.16 2 0
git.iu7.bmstu.ru/vai20u117/testing/src/internal/controller/poster_record.go:43.16,46.3 2 0
git.iu7.bmstu.ru/vai20u117/testing/src/internal/controller/poster_record.go:48.2,49.16 2 0
git.iu7.bmstu.ru/vai20u117/testing/src/internal/controller/poster_record.go:49.16,52.3 2 0
git.iu7.bmstu.ru/vai20u117/testing/src/internal/controller/poster_record.go:54.2,54.25 1 0
git.iu7.bmstu.ru/vai20u117/testing/src/internal/controller/poster_record.go:70.103,72.16 2 0
git.iu7.bmstu.ru/vai20u117/testing/src/internal/controller/poster_record.go:72.16,75.3 2 0
git.iu7.bmstu.ru/vai20u117/testing/src/internal/controller/poster_record.go:77.2,78.16 2 0
git.iu7.bmstu.ru/vai20u117/testing/src/internal/controller/poster_record.go:78.16,81.3 2 0
git.iu7.bmstu.ru/vai20u117/testing/src/internal/controller/poster_record.go:83.2,83.20 1 0
git.iu7.bmstu.ru/vai20u117/testing/src/internal/controller/poster_record.go:98.85,99.90 1 0
git.iu7.bmstu.ru/vai20u117/testing/src/internal/controller/poster_record.go:99.90,102.3 2 0
git.iu7.bmstu.ru/vai20u117/testing/src/internal/controller/poster_record.go:102.8,102.23 1 0
git.iu7.bmstu.ru/vai20u117/testing/src/internal/controller/poster_record.go:102.23,105.3 2 0
git.iu7.bmstu.ru/vai20u117/testing/src/internal/controller/poster_record.go:107.2,107.12 1 0
git.iu7.bmstu.ru/vai20u117/testing/src/internal/controller/poster_record.go:111.89,114.18 3 0
git.iu7.bmstu.ru/vai20u117/testing/src/internal/controller/poster_record.go:115.22,117.17 2 0
git.iu7.bmstu.ru/vai20u117/testing/src/internal/controller/poster_record.go:117.17,119.9 2 0
git.iu7.bmstu.ru/vai20u117/testing/src/internal/controller/poster_record.go:122.3,123.17 2 0
git.iu7.bmstu.ru/vai20u117/testing/src/internal/controller/poster_record.go:123.17,125.9 2 0
git.iu7.bmstu.ru/vai20u117/testing/src/internal/controller/poster_record.go:126.9,126.51 1 0
git.iu7.bmstu.ru/vai20u117/testing/src/internal/controller/poster_record.go:126.51,128.9 2 0
git.iu7.bmstu.ru/vai20u117/testing/src/internal/controller/poster_record.go:131.3,131.31 1 0
git.iu7.bmstu.ru/vai20u117/testing/src/internal/controller/poster_record.go:132.23,134.17 2 0
git.iu7.bmstu.ru/vai20u117/testing/src/internal/controller/poster_record.go:134.17,136.9 2 0
git.iu7.bmstu.ru/vai20u117/testing/src/internal/controller/poster_record.go:139.3,140.17 2 0
git.iu7.bmstu.ru/vai20u117/testing/src/internal/controller/poster_record.go:140.17,142.4 1 0
git.iu7.bmstu.ru/vai20u117/testing/src/internal/controller/poster_record.go:143.3,143.17 1 0
git.iu7.bmstu.ru/vai20u117/testing/src/internal/controller/poster_record.go:143.17,145.9 2 0
git.iu7.bmstu.ru/vai20u117/testing/src/internal/controller/poster_record.go:148.3,149.17 2 0
git.iu7.bmstu.ru/vai20u117/testing/src/internal/controller/poster_record.go:149.17,151.9 2 0
git.iu7.bmstu.ru/vai20u117/testing/src/internal/controller/poster_record.go:152.9,152.46 1 0
git.iu7.bmstu.ru/vai20u117/testing/src/internal/controller/poster_record.go:152.46,154.9 2 0
git.iu7.bmstu.ru/vai20u117/testing/src/internal/controller/poster_record.go:157.3,157.31 1 0
git.iu7.bmstu.ru/vai20u117/testing/src/internal/controller/poster_record.go:158.25,160.17 2 0
git.iu7.bmstu.ru/vai20u117/testing/src/internal/controller/poster_record.go:160.17,162.4 1 0
git.iu7.bmstu.ru/vai20u117/testing/src/internal/controller/poster_record.go:163.3,163.17 1 0
git.iu7.bmstu.ru/vai20u117/testing/src/internal/controller/poster_record.go:163.17,165.9 2 0
git.iu7.bmstu.ru/vai20u117/testing/src/internal/controller/poster_record.go:168.3,168.69 1 0
git.iu7.bmstu.ru/vai20u117/testing/src/internal/controller/poster_record.go:168.69,170.9 2 0
git.iu7.bmstu.ru/vai20u117/testing/src/internal/controller/poster_record.go:173.3,173.31 1 0
git.iu7.bmstu.ru/vai20u117/testing/src/internal/controller/poster_record.go:174.10,176.38 2 0
git.iu7.bmstu.ru/vai20u117/testing/src/swagger/docs.go:1304.13,1306.2 1 0
git.iu7.bmstu.ru/vai20u117/testing/src/internal/tests/postgres/db.go:20.24,29.16 2 0
git.iu7.bmstu.ru/vai20u117/testing/src/internal/tests/postgres/db.go:29.16,30.13 1 0
git.iu7.bmstu.ru/vai20u117/testing/src/internal/tests/postgres/db.go:33.2,33.21 1 0
git.iu7.bmstu.ru/vai20u117/testing/src/internal/tests/postgres/db.go:36.56,40.2 3 0
git.iu7.bmstu.ru/vai20u117/testing/src/internal/tests/postgres/db.go:42.26,45.2 2 0
git.iu7.bmstu.ru/vai20u117/testing/src/internal/tests/postgres/db.go:47.45,54.16 3 0
git.iu7.bmstu.ru/vai20u117/testing/src/internal/tests/postgres/db.go:54.16,55.13 1 0
git.iu7.bmstu.ru/vai20u117/testing/src/internal/tests/postgres/db.go:57.2,57.22 1 0
git.iu7.bmstu.ru/vai20u117/testing/src/internal/tests/postgres/db.go:57.22,58.29 1 0
git.iu7.bmstu.ru/vai20u117/testing/src/internal/tests/postgres/db.go:61.2,62.45 2 0
git.iu7.bmstu.ru/vai20u117/testing/src/internal/tests/postgres/db.go:62.45,63.13 1 0
git.iu7.bmstu.ru/vai20u117/testing/src/internal/tests/postgres/db.go:67.70,71.72 3 0
git.iu7.bmstu.ru/vai20u117/testing/src/internal/tests/postgres/db.go:71.72,72.49 1 0
git.iu7.bmstu.ru/vai20u117/testing/src/internal/tests/postgres/db.go:74.2,74.11 1 0
git.iu7.bmstu.ru/vai20u117/testing/src/internal/tests/postgres/db.go:77.58,81.64 3 0
git.iu7.bmstu.ru/vai20u117/testing/src/internal/tests/postgres/db.go:81.64,82.49 1 0
git.iu7.bmstu.ru/vai20u117/testing/src/internal/tests/postgres/db.go:84.2,84.11 1 0
git.iu7.bmstu.ru/vai20u117/testing/src/internal/db/postgres/client.go:19.67,23.16 2 0
git.iu7.bmstu.ru/vai20u117/testing/src/internal/db/postgres/client.go:23.16,25.3 1 0
git.iu7.bmstu.ru/vai20u117/testing/src/internal/db/postgres/client.go:26.2,26.31 1 0
git.iu7.bmstu.ru/vai20u117/testing/src/internal/db/postgres/database.go:29.51,31.2 1 0
git.iu7.bmstu.ru/vai20u117/testing/src/internal/db/postgres/database.go:33.61,35.2 1 0
git.iu7.bmstu.ru/vai20u117/testing/src/internal/db/postgres/database.go:37.104,39.2 1 0
git.iu7.bmstu.ru/vai20u117/testing/src/internal/db/postgres/database.go:41.107,43.2 1 0
git.iu7.bmstu.ru/vai20u117/testing/src/internal/db/postgres/database.go:45.66,47.2 1 0
git.iu7.bmstu.ru/vai20u117/testing/src/internal/db/postgres/database.go:49.108,51.2 1 0
git.iu7.bmstu.ru/vai20u117/testing/src/internal/db/postgres/database.go:53.97,55.2 1 0
git.iu7.bmstu.ru/vai20u117/testing/src/internal/db/postgres/database.go:57.98,59.2 1 0
git.iu7.bmstu.ru/vai20u117/testing/src/internal/db/postgres/database.go:61.65,63.2 1 0
git.iu7.bmstu.ru/vai20u117/testing/src/internal/db/postgres/database.go:67.3,69.2 1 0
git.iu7.bmstu.ru/vai20u117/testing/src/internal/db/postgres/database.go:71.111,73.2 1 0
git.iu7.bmstu.ru/vai20u117/testing/src/internal/model/user.go:10.35,11.11 1 0
git.iu7.bmstu.ru/vai20u117/testing/src/internal/model/user.go:12.19,13.16 1 0
git.iu7.bmstu.ru/vai20u117/testing/src/internal/model/user.go:14.13,15.17 1 0
git.iu7.bmstu.ru/vai20u117/testing/src/internal/model/user.go:18.2,18.18 1 0
git.iu7.bmstu.ru/vai20u117/testing/src/internal/repository/postgres/dao.go:35.44,42.2 1 4
git.iu7.bmstu.ru/vai20u117/testing/src/internal/repository/postgres/dao.go:44.51,51.2 1 4
git.iu7.bmstu.ru/vai20u117/testing/src/internal/repository/postgres/dao.go:53.52,64.2 2 4
git.iu7.bmstu.ru/vai20u117/testing/src/internal/repository/postgres/dao.go:66.59,77.2 2 4
git.iu7.bmstu.ru/vai20u117/testing/src/internal/repository/postgres/dao.go:79.44,87.2 1 3
git.iu7.bmstu.ru/vai20u117/testing/src/internal/repository/postgres/dao.go:89.51,97.2 1 2
git.iu7.bmstu.ru/vai20u117/testing/src/internal/repository/postgres/errors.go:14.53,16.2 1 27
git.iu7.bmstu.ru/vai20u117/testing/src/internal/repository/postgres/list.go:16.61,18.2 1 11
git.iu7.bmstu.ru/vai20u117/testing/src/internal/repository/postgres/list.go:20.84,27.35 5 2
git.iu7.bmstu.ru/vai20u117/testing/src/internal/repository/postgres/list.go:27.35,29.3 1 1
git.iu7.bmstu.ru/vai20u117/testing/src/internal/repository/postgres/list.go:29.8,29.23 1 1
git.iu7.bmstu.ru/vai20u117/testing/src/internal/repository/postgres/list.go:29.23,31.3 1 0
git.iu7.bmstu.ru/vai20u117/testing/src/internal/repository/postgres/list.go:33.2,33.30 1 1
git.iu7.bmstu.ru/vai20u117/testing/src/internal/repository/postgres/list.go:36.70,42.16 5 2
git.iu7.bmstu.ru/vai20u117/testing/src/internal/repository/postgres/list.go:42.16,44.3 1 1
git.iu7.bmstu.ru/vai20u117/testing/src/internal/repository/postgres/list.go:46.2,46.20 1 1
git.iu7.bmstu.ru/vai20u117/testing/src/internal/repository/postgres/list.go:49.85,57.16 6 2
git.iu7.bmstu.ru/vai20u117/testing/src/internal/repository/postgres/list.go:57.16,59.3 1 1
git.iu7.bmstu.ru/vai20u117/testing/src/internal/repository/postgres/list.go:61.2,61.16 1 1
git.iu7.bmstu.ru/vai20u117/testing/src/internal/repository/postgres/list.go:64.78,74.35 5 2
git.iu7.bmstu.ru/vai20u117/testing/src/internal/repository/postgres/list.go:74.35,76.3 1 1
git.iu7.bmstu.ru/vai20u117/testing/src/internal/repository/postgres/list.go:76.8,76.23 1 1
git.iu7.bmstu.ru/vai20u117/testing/src/internal/repository/postgres/list.go:76.23,78.3 1 0
git.iu7.bmstu.ru/vai20u117/testing/src/internal/repository/postgres/list.go:80.2,80.12 1 1
git.iu7.bmstu.ru/vai20u117/testing/src/internal/repository/postgres/list.go:83.72,91.35 7 3
git.iu7.bmstu.ru/vai20u117/testing/src/internal/repository/postgres/list.go:91.35,93.3 1 1
git.iu7.bmstu.ru/vai20u117/testing/src/internal/repository/postgres/list.go:93.8,93.23 1 2
git.iu7.bmstu.ru/vai20u117/testing/src/internal/repository/postgres/list.go:93.23,95.3 1 0
git.iu7.bmstu.ru/vai20u117/testing/src/internal/repository/postgres/list.go:97.2,98.16 2 2
git.iu7.bmstu.ru/vai20u117/testing/src/internal/repository/postgres/list.go:98.16,100.3 1 1
git.iu7.bmstu.ru/vai20u117/testing/src/internal/repository/postgres/list.go:102.2,102.12 1 1
git.iu7.bmstu.ru/vai20u117/testing/src/internal/repository/postgres/list_poster.go:17.73,19.2 1 13
git.iu7.bmstu.ru/vai20u117/testing/src/internal/repository/postgres/list_poster.go:21.105,26.35 4 3
git.iu7.bmstu.ru/vai20u117/testing/src/internal/repository/postgres/list_poster.go:26.35,28.3 1 1
git.iu7.bmstu.ru/vai20u117/testing/src/internal/repository/postgres/list_poster.go:28.8,28.23 1 2
git.iu7.bmstu.ru/vai20u117/testing/src/internal/repository/postgres/list_poster.go:28.23,30.3 1 0
git.iu7.bmstu.ru/vai20u117/testing/src/internal/repository/postgres/list_poster.go:30.8,30.41 1 2
git.iu7.bmstu.ru/vai20u117/testing/src/internal/repository/postgres/list_poster.go:30.41,32.3 1 0
git.iu7.bmstu.ru/vai20u117/testing/src/internal/repository/postgres/list_poster.go:33.2,37.16 4 2
git.iu7.bmstu.ru/vai20u117/testing/src/internal/repository/postgres/list_poster.go:37.16,39.3 1 1
git.iu7.bmstu.ru/vai20u117/testing/src/internal/repository/postgres/list_poster.go:39.8,39.26 1 1
git.iu7.bmstu.ru/vai20u117/testing/src/internal/repository/postgres/list_poster.go:39.26,41.3 1 0
git.iu7.bmstu.ru/vai20u117/testing/src/internal/repository/postgres/list_poster.go:43.2,43.17 1 1
git.iu7.bmstu.ru/vai20u117/testing/src/internal/repository/postgres/list_poster.go:46.91,56.16 6 3
git.iu7.bmstu.ru/vai20u117/testing/src/internal/repository/postgres/list_poster.go:56.16,58.3 1 1
git.iu7.bmstu.ru/vai20u117/testing/src/internal/repository/postgres/list_poster.go:61.2,63.16 3 2
git.iu7.bmstu.ru/vai20u117/testing/src/internal/repository/postgres/list_poster.go:63.16,65.3 1 1
git.iu7.bmstu.ru/vai20u117/testing/src/internal/repository/postgres/list_poster.go:67.2,67.12 1 1
git.iu7.bmstu.ru/vai20u117/testing/src/internal/repository/postgres/list_poster.go:70.106,80.16 7 2
git.iu7.bmstu.ru/vai20u117/testing/src/internal/repository/postgres/list_poster.go:80.16,82.3 1 0
git.iu7.bmstu.ru/vai20u117/testing/src/internal/repository/postgres/list_poster.go:84.2,87.16 3 2
git.iu7.bmstu.ru/vai20u117/testing/src/internal/repository/postgres/list_poster.go:87.16,89.3 1 0
git.iu7.bmstu.ru/vai20u117/testing/src/internal/repository/postgres/list_poster.go:91.2,92.16 2 2
git.iu7.bmstu.ru/vai20u117/testing/src/internal/repository/postgres/list_poster.go:92.16,97.3 3 0
git.iu7.bmstu.ru/vai20u117/testing/src/internal/repository/postgres/list_poster.go:99.2,100.16 2 2
git.iu7.bmstu.ru/vai20u117/testing/src/internal/repository/postgres/list_poster.go:100.16,105.3 3 1
git.iu7.bmstu.ru/vai20u117/testing/src/internal/repository/postgres/list_poster.go:107.2,108.16 2 1
git.iu7.bmstu.ru/vai20u117/testing/src/internal/repository/postgres/list_poster.go:108.16,110.3 1 0
git.iu7.bmstu.ru/vai20u117/testing/src/internal/repository/postgres/list_poster.go:112.2,112.12 1 1
git.iu7.bmstu.ru/vai20u117/testing/src/internal/repository/postgres/list_poster.go:115.115,128.16 7 2
git.iu7.bmstu.ru/vai20u117/testing/src/internal/repository/postgres/list_poster.go:128.16,130.3 1 0
git.iu7.bmstu.ru/vai20u117/testing/src/internal/repository/postgres/list_poster.go:130.8,130.29 1 2
git.iu7.bmstu.ru/vai20u117/testing/src/internal/repository/postgres/list_poster.go:130.29,132.3 1 0
git.iu7.bmstu.ru/vai20u117/testing/src/internal/repository/postgres/list_poster.go:135.2,136.31 2 2
git.iu7.bmstu.ru/vai20u117/testing/src/internal/repository/postgres/list_poster.go:136.31,138.3 1 0
git.iu7.bmstu.ru/vai20u117/testing/src/internal/repository/postgres/list_poster.go:140.2,141.16 2 2
git.iu7.bmstu.ru/vai20u117/testing/src/internal/repository/postgres/list_poster.go:141.16,143.3 1 0
git.iu7.bmstu.ru/vai20u117/testing/src/internal/repository/postgres/list_poster.go:145.2,146.16 2 2
git.iu7.bmstu.ru/vai20u117/testing/src/internal/repository/postgres/list_poster.go:146.16,151.3 3 0
git.iu7.bmstu.ru/vai20u117/testing/src/internal/repository/postgres/list_poster.go:153.2,154.16 2 2
git.iu7.bmstu.ru/vai20u117/testing/src/internal/repository/postgres/list_poster.go:154.16,159.3 3 1
git.iu7.bmstu.ru/vai20u117/testing/src/internal/repository/postgres/list_poster.go:161.2,162.16 2 1
git.iu7.bmstu.ru/vai20u117/testing/src/internal/repository/postgres/list_poster.go:162.16,164.3 1 0
git.iu7.bmstu.ru/vai20u117/testing/src/internal/repository/postgres/list_poster.go:166.2,166.12 1 1
git.iu7.bmstu.ru/vai20u117/testing/src/internal/repository/postgres/list_poster.go:169.94,176.16 6 3
git.iu7.bmstu.ru/vai20u117/testing/src/internal/repository/postgres/list_poster.go:176.16,178.3 1 0
git.iu7.bmstu.ru/vai20u117/testing/src/internal/repository/postgres/list_poster.go:178.8,178.23 1 3
git.iu7.bmstu.ru/vai20u117/testing/src/internal/repository/postgres/list_poster.go:178.23,180.3 1 1
git.iu7.bmstu.ru/vai20u117/testing/src/internal/repository/postgres/list_poster.go:182.2,183.16 2 2
git.iu7.bmstu.ru/vai20u117/testing/src/internal/repository/postgres/list_poster.go:183.16,185.3 1 1
git.iu7.bmstu.ru/vai20u117/testing/src/internal/repository/postgres/list_poster.go:187.2,187.12 1 1
git.iu7.bmstu.ru/vai20u117/testing/src/internal/repository/postgres/poster.go:16.65,18.2 1 9
git.iu7.bmstu.ru/vai20u117/testing/src/internal/repository/postgres/poster.go:20.90,27.35 5 2
git.iu7.bmstu.ru/vai20u117/testing/src/internal/repository/postgres/poster.go:27.35,29.3 1 1
git.iu7.bmstu.ru/vai20u117/testing/src/internal/repository/postgres/poster.go:29.8,29.23 1 1
git.iu7.bmstu.ru/vai20u117/testing/src/internal/repository/postgres/poster.go:29.23,31.3 1 0
git.iu7.bmstu.ru/vai20u117/testing/src/internal/repository/postgres/poster.go:33.2,33.32 1 1
git.iu7.bmstu.ru/vai20u117/testing/src/internal/repository/postgres/poster.go:36.91,45.16 6 2
git.iu7.bmstu.ru/vai20u117/testing/src/internal/repository/postgres/poster.go:45.16,47.3 1 1
git.iu7.bmstu.ru/vai20u117/testing/src/internal/repository/postgres/poster.go:49.2,49.16 1 1
git.iu7.bmstu.ru/vai20u117/testing/src/internal/repository/postgres/poster.go:52.84,62.35 5 2
git.iu7.bmstu.ru/vai20u117/testing/src/internal/repository/postgres/poster.go:62.35,64.3 1 1
git.iu7.bmstu.ru/vai20u117/testing/src/internal/repository/postgres/poster.go:64.8,64.23 1 1
git.iu7.bmstu.ru/vai20u117/testing/src/internal/repository/postgres/poster.go:64.23,66.3 1 0
git.iu7.bmstu.ru/vai20u117/testing/src/internal/repository/postgres/poster.go:68.2,68.12 1 1
git.iu7.bmstu.ru/vai20u117/testing/src/internal/repository/postgres/poster.go:71.76,79.35 7 3
git.iu7.bmstu.ru/vai20u117/testing/src/internal/repository/postgres/poster.go:79.35,81.3 1 1
git.iu7.bmstu.ru/vai20u117/testing/src/internal/repository/postgres/poster.go:81.8,81.23 1 2
git.iu7.bmstu.ru/vai20u117/testing/src/internal/repository/postgres/poster.go:81.23,83.3 1 0
git.iu7.bmstu.ru/vai20u117/testing/src/internal/repository/postgres/poster.go:85.2,86.16 2 2
git.iu7.bmstu.ru/vai20u117/testing/src/internal/repository/postgres/poster.go:86.16,88.3 1 1
git.iu7.bmstu.ru/vai20u117/testing/src/internal/repository/postgres/poster.go:90.2,90.12 1 1
git.iu7.bmstu.ru/vai20u117/testing/src/internal/repository/postgres/poster_record.go:17.77,19.2 1 7
git.iu7.bmstu.ru/vai20u117/testing/src/internal/repository/postgres/poster_record.go:21.113,26.35 4 3
git.iu7.bmstu.ru/vai20u117/testing/src/internal/repository/postgres/poster_record.go:26.35,28.3 1 1
git.iu7.bmstu.ru/vai20u117/testing/src/internal/repository/postgres/poster_record.go:28.8,28.23 1 2
git.iu7.bmstu.ru/vai20u117/testing/src/internal/repository/postgres/poster_record.go:28.23,30.3 1 0
git.iu7.bmstu.ru/vai20u117/testing/src/internal/repository/postgres/poster_record.go:30.8,30.41 1 2
git.iu7.bmstu.ru/vai20u117/testing/src/internal/repository/postgres/poster_record.go:30.41,32.3 1 0
git.iu7.bmstu.ru/vai20u117/testing/src/internal/repository/postgres/poster_record.go:33.2,37.16 4 2
git.iu7.bmstu.ru/vai20u117/testing/src/internal/repository/postgres/poster_record.go:37.16,39.3 1 1
git.iu7.bmstu.ru/vai20u117/testing/src/internal/repository/postgres/poster_record.go:39.8,39.30 1 1
git.iu7.bmstu.ru/vai20u117/testing/src/internal/repository/postgres/poster_record.go:39.30,41.3 1 0
git.iu7.bmstu.ru/vai20u117/testing/src/internal/repository/postgres/poster_record.go:43.2,43.21 1 1
git.iu7.bmstu.ru/vai20u117/testing/src/internal/repository/postgres/poster_record.go:46.103,52.16 5 2
git.iu7.bmstu.ru/vai20u117/testing/src/internal/repository/postgres/poster_record.go:52.16,54.3 1 1
git.iu7.bmstu.ru/vai20u117/testing/src/internal/repository/postgres/poster_record.go:56.2,56.16 1 1
git.iu7.bmstu.ru/vai20u117/testing/src/internal/repository/postgres/poster_record.go:59.88,64.16 4 2
git.iu7.bmstu.ru/vai20u117/testing/src/internal/repository/postgres/poster_record.go:64.16,66.3 1 1
git.iu7.bmstu.ru/vai20u117/testing/src/internal/repository/postgres/poster_record.go:68.2,68.12 1 1
git.iu7.bmstu.ru/vai20u117/testing/src/internal/repository/postgres/user.go:16.61,18.2 1 7
git.iu7.bmstu.ru/vai20u117/testing/src/internal/repository/postgres/user.go:20.93,27.35 5 2
git.iu7.bmstu.ru/vai20u117/testing/src/internal/repository/postgres/user.go:27.35,29.3 1 1
git.iu7.bmstu.ru/vai20u117/testing/src/internal/repository/postgres/user.go:29.8,29.23 1 1
git.iu7.bmstu.ru/vai20u117/testing/src/internal/repository/postgres/user.go:29.23,31.3 1 0
git.iu7.bmstu.ru/vai20u117/testing/src/internal/repository/postgres/user.go:33.2,33.30 1 1
git.iu7.bmstu.ru/vai20u117/testing/src/internal/repository/postgres/user.go:36.85,45.16 6 2
git.iu7.bmstu.ru/vai20u117/testing/src/internal/repository/postgres/user.go:45.16,47.3 1 1
git.iu7.bmstu.ru/vai20u117/testing/src/internal/repository/postgres/user.go:49.2,49.16 1 1
git.iu7.bmstu.ru/vai20u117/testing/src/internal/repository/postgres/user.go:52.72,60.35 7 3
git.iu7.bmstu.ru/vai20u117/testing/src/internal/repository/postgres/user.go:60.35,62.3 1 1
git.iu7.bmstu.ru/vai20u117/testing/src/internal/repository/postgres/user.go:62.8,62.23 1 2
git.iu7.bmstu.ru/vai20u117/testing/src/internal/repository/postgres/user.go:62.23,64.3 1 0
git.iu7.bmstu.ru/vai20u117/testing/src/internal/repository/postgres/user.go:66.2,67.16 2 2
git.iu7.bmstu.ru/vai20u117/testing/src/internal/repository/postgres/user.go:67.16,69.3 1 1
git.iu7.bmstu.ru/vai20u117/testing/src/internal/repository/postgres/user.go:71.2,71.12 1 1
git.iu7.bmstu.ru/vai20u117/testing/src/internal/db/postgres/client.go:19.67,23.16 2 0
git.iu7.bmstu.ru/vai20u117/testing/src/internal/db/postgres/client.go:23.16,25.3 1 0
git.iu7.bmstu.ru/vai20u117/testing/src/internal/db/postgres/client.go:26.2,26.31 1 0
git.iu7.bmstu.ru/vai20u117/testing/src/internal/db/postgres/database.go:29.51,31.2 1 0
git.iu7.bmstu.ru/vai20u117/testing/src/internal/db/postgres/database.go:33.61,35.2 1 0
git.iu7.bmstu.ru/vai20u117/testing/src/internal/db/postgres/database.go:37.104,39.2 1 0
git.iu7.bmstu.ru/vai20u117/testing/src/internal/db/postgres/database.go:41.107,43.2 1 0
git.iu7.bmstu.ru/vai20u117/testing/src/internal/db/postgres/database.go:45.66,47.2 1 0
git.iu7.bmstu.ru/vai20u117/testing/src/internal/db/postgres/database.go:49.108,51.2 1 0
git.iu7.bmstu.ru/vai20u117/testing/src/internal/db/postgres/database.go:53.97,55.2 1 0
git.iu7.bmstu.ru/vai20u117/testing/src/internal/db/postgres/database.go:57.98,59.2 1 0
git.iu7.bmstu.ru/vai20u117/testing/src/internal/db/postgres/database.go:61.65,63.2 1 0
git.iu7.bmstu.ru/vai20u117/testing/src/internal/db/postgres/database.go:67.3,69.2 1 0
git.iu7.bmstu.ru/vai20u117/testing/src/internal/db/postgres/database.go:71.111,73.2 1 0
git.iu7.bmstu.ru/vai20u117/testing/src/internal/model/user.go:10.35,11.11 1 6
git.iu7.bmstu.ru/vai20u117/testing/src/internal/model/user.go:12.19,13.16 1 1
git.iu7.bmstu.ru/vai20u117/testing/src/internal/model/user.go:14.13,15.17 1 5
git.iu7.bmstu.ru/vai20u117/testing/src/internal/model/user.go:18.2,18.18 1 0
git.iu7.bmstu.ru/vai20u117/testing/src/internal/service/auth.go:30.79,37.2 1 12
git.iu7.bmstu.ru/vai20u117/testing/src/internal/service/auth.go:39.60,41.9 2 2
git.iu7.bmstu.ru/vai20u117/testing/src/internal/service/auth.go:41.9,43.3 1 1
git.iu7.bmstu.ru/vai20u117/testing/src/internal/service/auth.go:45.2,45.28 1 1
git.iu7.bmstu.ru/vai20u117/testing/src/internal/service/auth.go:48.107,49.34 1 3
git.iu7.bmstu.ru/vai20u117/testing/src/internal/service/auth.go:49.34,51.3 1 1
git.iu7.bmstu.ru/vai20u117/testing/src/internal/service/auth.go:53.2,54.44 2 2
git.iu7.bmstu.ru/vai20u117/testing/src/internal/service/auth.go:54.44,56.3 1 1
git.iu7.bmstu.ru/vai20u117/testing/src/internal/service/auth.go:56.8,56.23 1 1
git.iu7.bmstu.ru/vai20u117/testing/src/internal/service/auth.go:56.23,58.3 1 0
git.iu7.bmstu.ru/vai20u117/testing/src/internal/service/auth.go:60.2,66.27 5 1
git.iu7.bmstu.ru/vai20u117/testing/src/internal/service/auth.go:69.82,70.76 1 3
git.iu7.bmstu.ru/vai20u117/testing/src/internal/service/auth.go:70.76,72.3 1 1
git.iu7.bmstu.ru/vai20u117/testing/src/internal/service/auth.go:74.2,74.66 1 2
git.iu7.bmstu.ru/vai20u117/testing/src/internal/service/auth.go:74.66,76.3 1 1
git.iu7.bmstu.ru/vai20u117/testing/src/internal/service/auth.go:78.2,79.16 2 1
git.iu7.bmstu.ru/vai20u117/testing/src/internal/service/auth.go:79.16,81.3 1 0
git.iu7.bmstu.ru/vai20u117/testing/src/internal/service/auth.go:83.2,85.37 2 1
git.iu7.bmstu.ru/vai20u117/testing/src/internal/service/auth.go:88.85,90.44 2 2
git.iu7.bmstu.ru/vai20u117/testing/src/internal/service/auth.go:90.44,92.3 1 1
git.iu7.bmstu.ru/vai20u117/testing/src/internal/service/auth.go:92.8,92.23 1 1
git.iu7.bmstu.ru/vai20u117/testing/src/internal/service/auth.go:92.23,94.3 1 0
git.iu7.bmstu.ru/vai20u117/testing/src/internal/service/auth.go:96.2,97.16 2 1
git.iu7.bmstu.ru/vai20u117/testing/src/internal/service/auth.go:97.16,99.3 1 0
git.iu7.bmstu.ru/vai20u117/testing/src/internal/service/auth.go:101.2,101.90 1 1
git.iu7.bmstu.ru/vai20u117/testing/src/internal/service/auth.go:101.90,104.3 2 0
git.iu7.bmstu.ru/vai20u117/testing/src/internal/service/auth.go:104.8,104.87 1 1
git.iu7.bmstu.ru/vai20u117/testing/src/internal/service/auth.go:104.87,106.3 1 0
git.iu7.bmstu.ru/vai20u117/testing/src/internal/service/auth.go:108.2,114.27 5 1
git.iu7.bmstu.ru/vai20u117/testing/src/internal/service/auth.go:117.70,118.37 1 2
git.iu7.bmstu.ru/vai20u117/testing/src/internal/service/auth.go:118.37,120.3 1 1
git.iu7.bmstu.ru/vai20u117/testing/src/internal/service/auth.go:122.2,126.12 4 1
git.iu7.bmstu.ru/vai20u117/testing/src/internal/service/list.go:21.55,23.2 1 5
git.iu7.bmstu.ru/vai20u117/testing/src/internal/service/list.go:25.81,27.2 1 0
git.iu7.bmstu.ru/vai20u117/testing/src/internal/service/list.go:29.82,30.24 1 1
git.iu7.bmstu.ru/vai20u117/testing/src/internal/service/list.go:30.24,32.17 2 0
git.iu7.bmstu.ru/vai20u117/testing/src/internal/service/list.go:32.17,34.4 1 0
git.iu7.bmstu.ru/vai20u117/testing/src/internal/service/list.go:36.3,36.25 1 0
git.iu7.bmstu.ru/vai20u117/testing/src/internal/service/list.go:39.2,39.33 1 1
git.iu7.bmstu.ru/vai20u117/testing/src/internal/service/list.go:42.75,44.2 1 2
git.iu7.bmstu.ru/vai20u117/testing/src/internal/service/list.go:46.69,49.2 1 2
git.iu7.bmstu.ru/vai20u117/testing/src/internal/service/list_poster.go:21.73,23.2 1 3
git.iu7.bmstu.ru/vai20u117/testing/src/internal/service/list_poster.go:25.102,27.2 1 4
git.iu7.bmstu.ru/vai20u117/testing/src/internal/service/list_poster.go:29.88,31.2 1 3
git.iu7.bmstu.ru/vai20u117/testing/src/internal/service/list_poster.go:33.103,35.2 1 1
git.iu7.bmstu.ru/vai20u117/testing/src/internal/service/list_poster.go:37.112,39.2 1 0
git.iu7.bmstu.ru/vai20u117/testing/src/internal/service/list_poster.go:41.91,43.2 1 1
git.iu7.bmstu.ru/vai20u117/testing/src/internal/service/poster.go:22.61,24.2 1 5
git.iu7.bmstu.ru/vai20u117/testing/src/internal/service/poster.go:26.87,28.44 2 0
git.iu7.bmstu.ru/vai20u117/testing/src/internal/service/poster.go:28.44,30.3 1 0
git.iu7.bmstu.ru/vai20u117/testing/src/internal/service/poster.go:30.8,30.23 1 0
git.iu7.bmstu.ru/vai20u117/testing/src/internal/service/poster.go:30.23,32.3 1 0
git.iu7.bmstu.ru/vai20u117/testing/src/internal/service/poster.go:34.2,34.20 1 0
git.iu7.bmstu.ru/vai20u117/testing/src/internal/service/poster.go:37.88,39.2 1 3
git.iu7.bmstu.ru/vai20u117/testing/src/internal/service/poster.go:41.81,43.44 2 2
git.iu7.bmstu.ru/vai20u117/testing/src/internal/service/poster.go:43.44,45.3 1 0
git.iu7.bmstu.ru/vai20u117/testing/src/internal/service/poster.go:45.8,45.23 1 2
git.iu7.bmstu.ru/vai20u117/testing/src/internal/service/poster.go:45.23,47.3 1 1
git.iu7.bmstu.ru/vai20u117/testing/src/internal/service/poster.go:49.2,49.12 1 1
git.iu7.bmstu.ru/vai20u117/testing/src/internal/service/poster.go:52.73,54.44 2 2
git.iu7.bmstu.ru/vai20u117/testing/src/internal/service/poster.go:54.44,56.3 1 0
git.iu7.bmstu.ru/vai20u117/testing/src/internal/service/poster.go:56.8,56.23 1 2
git.iu7.bmstu.ru/vai20u117/testing/src/internal/service/poster.go:56.23,58.3 1 1
git.iu7.bmstu.ru/vai20u117/testing/src/internal/service/poster.go:60.2,60.12 1 1
git.iu7.bmstu.ru/vai20u117/testing/src/internal/service/poster_record.go:19.79,21.2 1 2
git.iu7.bmstu.ru/vai20u117/testing/src/internal/service/poster_record.go:23.110,25.2 1 0
git.iu7.bmstu.ru/vai20u117/testing/src/internal/service/poster_record.go:27.100,29.2 1 2
git.iu7.bmstu.ru/vai20u117/testing/src/internal/service/poster_record.go:31.85,33.2 1 1
git.iu7.bmstu.ru/vai20u117/testing/src/internal/service/session.go:13.51,19.2 1 2
